<?xml version="1.0" encoding="UTF-8"?>
<!-- Generated by org.testng.reporters.JUnitXMLReporter -->
<testsuite ignored="0" hostname="LAPTOP-188TAOSL" failures="0" tests="6" name="Default test" time="11.884" errors="0" timestamp="2023-07-14T13:44:52 IST">
  <testcase classname="api.test.DDTest" name="testPostuser" time="3.72"/>
  <testcase classname="api.test.DDTest" name="testPostuser" time="1.442"/>
  <testcase classname="api.test.DDTest" name="testPostuser" time="1.429"/>
  <testcase classname="api.test.DDTest" name="testDeleteUserByName" time="1.267"/>
  <testcase classname="api.test.DDTest" name="testDeleteUserByName" time="1.312"/>
  <testcase classname="api.test.DDTest" name="testDeleteUserByName" time="1.338"/>
</testsuite> <!-- Default test -->
