<?xml version="1.0" encoding="UTF-8"?>
<!-- Generated by org.testng.reporters.JUnitXMLReporter -->
<testsuite ignored="0" hostname="LAPTOP-188TAOSL" failures="0" tests="4" name="PetAutomationTest" time="9.318" errors="0" timestamp="2023-07-14T16:58:52 IST">
  <testcase classname="api.test.UserTests2" name="testPostUser" time="2.843"/>
  <testcase classname="api.test.UserTests2" name="testGetUserByName" time="1.449"/>
  <testcase classname="api.test.UserTests2" name="testUpdateUserByName" time="2.756"/>
  <testcase classname="api.test.UserTests2" name="testDeleteUserByName" time="1.431"/>
</testsuite> <!-- PetAutomationTest -->
