<?xml version="1.0" encoding="UTF-8"?>
<!-- Generated by org.testng.reporters.JUnitXMLReporter -->
<testsuite ignored="0" hostname="LAPTOP-188TAOSL" failures="0" tests="4" name="PetAutomationTest" time="9.923" errors="0" timestamp="2023-07-14T14:39:13 IST">
  <testcase classname="api.test.UserTests" name="testPostUser" time="3.462"/>
  <testcase classname="api.test.UserTests" name="testGetUserByName" time="1.477"/>
  <testcase classname="api.test.UserTests" name="testUpdateUserByName" time="2.785"/>
  <testcase classname="api.test.UserTests" name="testDeleteUserByName" time="1.389"/>
</testsuite> <!-- PetAutomationTest -->
