<?xml version="1.0" encoding="UTF-8"?>
<testng-results ignored="0" total="4" passed="4" failed="0" skipped="0">
  <reporter-output>
  </reporter-output>
  <suite started-at="2023-07-14T14:39:03 IST" name="PetAutomationSuite" finished-at="2023-07-14T14:39:13 IST" duration-ms="9923">
    <groups>
    </groups>
    <test started-at="2023-07-14T14:39:03 IST" name="PetAutomationTest" finished-at="2023-07-14T14:39:13 IST" duration-ms="9923">
      <class name="api.test.UserTests">
        <test-method is-config="true" signature="setup()[pri:0, instance:api.test.UserTests@5677323c]" started-at="2023-07-14T14:39:03 IST" name="setup" finished-at="2023-07-14T14:39:03 IST" duration-ms="592" status="PASS">
          <reporter-output>
          </reporter-output>
        </test-method> <!-- setup -->
        <test-method signature="testPostUser()[pri:1, instance:api.test.UserTests@5677323c]" started-at="2023-07-14T14:39:03 IST" name="testPostUser" finished-at="2023-07-14T14:39:07 IST" duration-ms="3462" status="PASS">
          <reporter-output>
          </reporter-output>
        </test-method> <!-- testPostUser -->
        <test-method signature="testGetUserByName()[pri:2, instance:api.test.UserTests@5677323c]" started-at="2023-07-14T14:39:07 IST" name="testGetUserByName" finished-at="2023-07-14T14:39:08 IST" duration-ms="1477" status="PASS">
          <reporter-output>
          </reporter-output>
        </test-method> <!-- testGetUserByName -->
        <test-method signature="testUpdateUserByName()[pri:3, instance:api.test.UserTests@5677323c]" started-at="2023-07-14T14:39:08 IST" name="testUpdateUserByName" finished-at="2023-07-14T14:39:11 IST" duration-ms="2785" status="PASS">
          <reporter-output>
          </reporter-output>
        </test-method> <!-- testUpdateUserByName -->
        <test-method signature="testDeleteUserByName()[pri:4, instance:api.test.UserTests@5677323c]" started-at="2023-07-14T14:39:11 IST" name="testDeleteUserByName" finished-at="2023-07-14T14:39:13 IST" duration-ms="1389" status="PASS">
          <reporter-output>
          </reporter-output>
        </test-method> <!-- testDeleteUserByName -->
      </class> <!-- api.test.UserTests -->
    </test> <!-- PetAutomationTest -->
  </suite> <!-- PetAutomationSuite -->
</testng-results>
