<?xml version="1.0" encoding="UTF-8"?>
<testng-results ignored="0" total="4" passed="4" failed="0" skipped="0">
  <reporter-output>
  </reporter-output>
  <suite started-at="2023-07-14T16:58:42 IST" name="PetAutomationSuite" finished-at="2023-07-14T16:58:52 IST" duration-ms="9318">
    <groups>
    </groups>
    <test started-at="2023-07-14T16:58:42 IST" name="PetAutomationTest" finished-at="2023-07-14T16:58:52 IST" duration-ms="9318">
      <class name="api.test.UserTests2">
        <test-method is-config="true" signature="setup()[pri:0, instance:api.test.UserTests2@5677323c]" started-at="2023-07-14T16:58:43 IST" name="setup" finished-at="2023-07-14T16:58:43 IST" duration-ms="648" status="PASS">
          <reporter-output>
          </reporter-output>
        </test-method> <!-- setup -->
        <test-method signature="testPostUser()[pri:1, instance:api.test.UserTests2@5677323c]" started-at="2023-07-14T16:58:43 IST" name="testPostUser" finished-at="2023-07-14T16:58:46 IST" duration-ms="2843" status="PASS">
          <reporter-output>
          </reporter-output>
        </test-method> <!-- testPostUser -->
        <test-method signature="testGetUserByName()[pri:2, instance:api.test.UserTests2@5677323c]" started-at="2023-07-14T16:58:46 IST" name="testGetUserByName" finished-at="2023-07-14T16:58:48 IST" duration-ms="1449" status="PASS">
          <reporter-output>
          </reporter-output>
        </test-method> <!-- testGetUserByName -->
        <test-method signature="testUpdateUserByName()[pri:3, instance:api.test.UserTests2@5677323c]" started-at="2023-07-14T16:58:48 IST" name="testUpdateUserByName" finished-at="2023-07-14T16:58:50 IST" duration-ms="2756" status="PASS">
          <reporter-output>
          </reporter-output>
        </test-method> <!-- testUpdateUserByName -->
        <test-method signature="testDeleteUserByName()[pri:4, instance:api.test.UserTests2@5677323c]" started-at="2023-07-14T16:58:50 IST" name="testDeleteUserByName" finished-at="2023-07-14T16:58:52 IST" duration-ms="1431" status="PASS">
          <reporter-output>
          </reporter-output>
        </test-method> <!-- testDeleteUserByName -->
      </class> <!-- api.test.UserTests2 -->
    </test> <!-- PetAutomationTest -->
  </suite> <!-- PetAutomationSuite -->
</testng-results>
